# JRE version: Java(TM) SE Runtime Environment (8.0_111-b14) (build 1.8.0_111-b14)
# Java VM: Java HotSpot(TM) 64-Bit Server VM (25.111-b14 mixed mode windows-amd64 compressed oops)
Heap:
 PSYoungGen      total 90112K, used 68638K [0x00000000f5580000, 0x00000000fc900000, 0x0000000100000000)
  eden space 77824K, 88% used [0x00000000f5580000,0x00000000f9887908,0x00000000fa180000)
  from space 12288K, 0% used [0x00000000fa180000,0x00000000fa180000,0x00000000fad80000)
  to   space 12288K, 0% used [0x00000000fbd00000,0x00000000fbd00000,0x00000000fc900000)
 ParOldGen       total 210432K, used 16164K [0x00000000e0000000, 0x00000000ecd80000, 0x00000000f5580000)
  object space 210432K, 7% used [0x00000000e0000000,0x00000000e0fc92a0,0x00000000ecd80000)
 Metaspace       used 42203K, capacity 44882K, committed 45184K, reserved 1087488K
  class space    used 6169K, capacity 6698K, committed 6784K, reserved 1048576K
GC Heap History (10 events):
Event: 10.365 GC heap before
{Heap before GC invocations=5 (full 1):
 PSYoungGen      total 76288K, used 10137K [0x00000000f5580000, 0x00000000faa80000, 0x0000000100000000)
  eden space 65536K, 0% used [0x00000000f5580000,0x00000000f5580000,0x00000000f9580000)
  from space 10752K, 94% used [0x00000000fa000000,0x00000000fa9e6670,0x00000000faa80000)
  to   space 10752K, 0% used [0x00000000f9580000,0x00000000f9580000,0x00000000fa000000)
 ParOldGen       total 175104K, used 48K [0x00000000e0000000, 0x00000000eab00000, 0x00000000f5580000)
  object space 175104K, 0% used [0x00000000e0000000,0x00000000e000c000,0x00000000eab00000)
 Metaspace       used 20252K, capacity 21156K, committed 21296K, reserved 1067008K
  class space    used 2903K, capacity 3118K, committed 3200K, reserved 1048576K
Event: 10.531 GC heap after
Heap after GC invocations=5 (full 1):
 PSYoungGen      total 76288K, used 0K [0x00000000f5580000, 0x00000000faa80000, 0x0000000100000000)
  eden space 65536K, 0% used [0x00000000f5580000,0x00000000f5580000,0x00000000f9580000)
  from space 10752K, 0% used [0x00000000fa000000,0x00000000fa000000,0x00000000faa80000)
  to   space 10752K, 0% used [0x00000000f9580000,0x00000000f9580000,0x00000000fa000000)
 ParOldGen       total 175104K, used 9833K [0x00000000e0000000, 0x00000000eab00000, 0x00000000f5580000)
  object space 175104K, 5% used [0x00000000e0000000,0x00000000e099a758,0x00000000eab00000)
 Metaspace       used 20252K, capacity 21156K, committed 21296K, reserved 1067008K
  class space    used 2903K, capacity 3118K, committed 3200K, reserved 1048576K
}
Event: 12.968 GC heap before
{Heap before GC invocations=6 (full 1):
 PSYoungGen      total 76288K, used 65536K [0x00000000f5580000, 0x00000000faa80000, 0x0000000100000000)
  eden space 65536K, 100% used [0x00000000f5580000,0x00000000f9580000,0x00000000f9580000)
  from space 10752K, 0% used [0x00000000fa000000,0x00000000fa000000,0x00000000faa80000)
  to   space 10752K, 0% used [0x00000000f9580000,0x00000000f9580000,0x00000000fa000000)
 ParOldGen       total 175104K, used 9833K [0x00000000e0000000, 0x00000000eab00000, 0x00000000f5580000)
  object space 175104K, 5% used [0x00000000e0000000,0x00000000e099a758,0x00000000eab00000)
 Metaspace       used 23623K, capacity 24758K, committed 25088K, reserved 1071104K
  class space    used 3478K, capacity 3741K, committed 3840K, reserved 1048576K
Event: 12.973 GC heap after
Heap after GC invocations=6 (full 1):
 PSYoungGen      total 76288K, used 5620K [0x00000000f5580000, 0x00000000fbc00000, 0x0000000100000000)
  eden space 65536K, 0% used [0x00000000f5580000,0x00000000f5580000,0x00000000f9580000)
  from space 10752K, 52% used [0x00000000f9580000,0x00000000f9afd360,0x00000000fa000000)
  to   space 12288K, 0% used [0x00000000fb000000,0x00000000fb000000,0x00000000fbc00000)
 ParOldGen       total 175104K, used 9841K [0x00000000e0000000, 0x00000000eab00000, 0x00000000f5580000)
  object space 175104K, 5% used [0x00000000e0000000,0x00000000e099c758,0x00000000eab00000)
 Metaspace       used 23623K, capacity 24758K, committed 25088K, reserved 1071104K
  class space    used 3478K, capacity 3741K, committed 3840K, reserved 1048576K
}
Event: 46.034 GC heap before
{Heap before GC invocations=7 (full 1):
 PSYoungGen      total 76288K, used 71156K [0x00000000f5580000, 0x00000000fbc00000, 0x0000000100000000)
  eden space 65536K, 100% used [0x00000000f5580000,0x00000000f9580000,0x00000000f9580000)
  from space 10752K, 52% used [0x00000000f9580000,0x00000000f9afd360,0x00000000fa000000)
  to   space 12288K, 0% used [0x00000000fb000000,0x00000000fb000000,0x00000000fbc00000)
 ParOldGen       total 175104K, used 9841K [0x00000000e0000000, 0x00000000eab00000, 0x00000000f5580000)
  object space 175104K, 5% used [0x00000000e0000000,0x00000000e099c758,0x00000000eab00000)
 Metaspace       used 27212K, capacity 28866K, committed 29056K, reserved 1073152K
  class space    used 4076K, capacity 4441K, committed 4480K, reserved 1048576K
Event: 46.042 GC heap after
Heap after GC invocations=7 (full 1):
 PSYoungGen      total 87552K, used 6035K [0x00000000f5580000, 0x00000000fb980000, 0x0000000100000000)
  eden space 77824K, 0% used [0x00000000f5580000,0x00000000f5580000,0x00000000fa180000)
  from space 9728K, 62% used [0x00000000fb000000,0x00000000fb5e4eb8,0x00000000fb980000)
  to   space 12288K, 0% used [0x00000000fa180000,0x00000000fa180000,0x00000000fad80000)
 ParOldGen       total 175104K, used 9849K [0x00000000e0000000, 0x00000000eab00000, 0x00000000f5580000)
  object space 175104K, 5% used [0x00000000e0000000,0x00000000e099e758,0x00000000eab00000)
 Metaspace       used 27212K, capacity 28866K, committed 29056K, reserved 1073152K
  class space    used 4076K, capacity 4441K, committed 4480K, reserved 1048576K
}
Event: 48.049 GC heap before
{Heap before GC invocations=8 (full 1):
 PSYoungGen      total 87552K, used 78484K [0x00000000f5580000, 0x00000000fb980000, 0x0000000100000000)
  eden space 77824K, 93% used [0x00000000f5580000,0x00000000f9c404d8,0x00000000fa180000)
  from space 9728K, 62% used [0x00000000fb000000,0x00000000fb5e4eb8,0x00000000fb980000)
  to   space 12288K, 0% used [0x00000000fa180000,0x00000000fa180000,0x00000000fad80000)
 ParOldGen       total 175104K, used 9849K [0x00000000e0000000, 0x00000000eab00000, 0x00000000f5580000)
  object space 175104K, 5% used [0x00000000e0000000,0x00000000e099e758,0x00000000eab00000)
 Metaspace       used 33257K, capacity 35392K, committed 35456K, reserved 1079296K
  class space    used 5056K, capacity 5468K, committed 5504K, reserved 1048576K
Event: 48.058 GC heap after
Heap after GC invocations=8 (full 1):
 PSYoungGen      total 90112K, used 9420K [0x00000000f5580000, 0x00000000fc900000, 0x0000000100000000)
  eden space 77824K, 0% used [0x00000000f5580000,0x00000000f5580000,0x00000000fa180000)
  from space 12288K, 76% used [0x00000000fa180000,0x00000000faab32b8,0x00000000fad80000)
  to   space 12288K, 0% used [0x00000000fbd00000,0x00000000fbd00000,0x00000000fc900000)
 ParOldGen       total 175104K, used 9857K [0x00000000e0000000, 0x00000000eab00000, 0x00000000f5580000)
  object space 175104K, 5% used [0x00000000e0000000,0x00000000e09a0758,0x00000000eab00000)
 Metaspace       used 33257K, capacity 35392K, committed 35456K, reserved 1079296K
  class space    used 5056K, capacity 5468K, committed 5504K, reserved 1048576K
}
Event: 48.058 GC heap before
{Heap before GC invocations=9 (full 2):
 PSYoungGen      total 90112K, used 9420K [0x00000000f5580000, 0x00000000fc900000, 0x0000000100000000)
  eden space 77824K, 0% used [0x00000000f5580000,0x00000000f5580000,0x00000000fa180000)
  from space 12288K, 76% used [0x00000000fa180000,0x00000000faab32b8,0x00000000fad80000)
  to   space 12288K, 0% used [0x00000000fbd00000,0x00000000fbd00000,0x00000000fc900000)
 ParOldGen       total 175104K, used 9857K [0x00000000e0000000, 0x00000000eab00000, 0x00000000f5580000)
  object space 175104K, 5% used [0x00000000e0000000,0x00000000e09a0758,0x00000000eab00000)
 Metaspace       used 33257K, capacity 35392K, committed 35456K, reserved 1079296K
  class space    used 5056K, capacity 5468K, committed 5504K, reserved 1048576K
Event: 48.118 GC heap after
Heap after GC invocations=9 (full 2):
 PSYoungGen      total 90112K, used 0K [0x00000000f5580000, 0x00000000fc900000, 0x0000000100000000)
  eden space 77824K, 0% used [0x00000000f5580000,0x00000000f5580000,0x00000000fa180000)
  from space 12288K, 0% used [0x00000000fa180000,0x00000000fa180000,0x00000000fad80000)
  to   space 12288K, 0% used [0x00000000fbd00000,0x00000000fbd00000,0x00000000fc900000)
 ParOldGen       total 210432K, used 16164K [0x00000000e0000000, 0x00000000ecd80000, 0x00000000f5580000)
  object space 210432K, 7% used [0x00000000e0000000,0x00000000e0fc92a0,0x00000000ecd80000)
 Metaspace       used 33255K, capacity 35386K, committed 35456K, reserved 1079296K
  class space    used 5056K, capacity 5467K, committed 5504K, reserved 1048576K
}

