# JRE version: Java(TM) SE Runtime Environment (17.0.8+9) (build 17.0.8+9-LTS-211)
# Java VM: Java HotSpot(TM) 64-Bit Server VM (17.0.8+9-LTS-211, mixed mode, sharing, tiered, compressed oops, compressed class ptrs, g1 gc, windows-amd64)
GC Precious Log:
 CPUs: 4 total, 4 available
 Memory: 8107M
 Large Page Support: Disabled
 NUMA Support: Disabled
 Compressed Oops: Enabled (32-bit)
 Heap Region Size: 1M
 Heap Min Capacity: 256M
 Heap Initial Capacity: 256M
 Heap Max Capacity: 512M
 Pre-touch: Disabled
 Parallel Workers: 4
 Concurrent Workers: 1
 Concurrent Refinement Workers: 4
 Periodic GC: Disabled
Heap:
 garbage-first heap   total 262144K, used 150876K [0x00000000e0000000, 0x0000000100000000)
  region size 1024K, 128 young (131072K), 9 survivors (9216K)
 Metaspace       used 38587K, committed 38976K, reserved 393216K
  class space    used 5403K, committed 5568K, reserved 327680K
GC Heap History (12 events):
Event: 0.607 GC heap before
{Heap before GC invocations=0 (full 0):
 garbage-first heap   total 262144K, used 13312K [0x00000000e0000000, 0x0000000100000000)
  region size 1024K, 13 young (13312K), 0 survivors (0K)
 Metaspace       used 977K, committed 1152K, reserved 393216K
  class space    used 74K, committed 128K, reserved 327680K
}
Event: 0.611 GC heap after
{Heap after GC invocations=1 (full 0):
 garbage-first heap   total 262144K, used 2854K [0x00000000e0000000, 0x0000000100000000)
  region size 1024K, 2 young (2048K), 2 survivors (2048K)
 Metaspace       used 977K, committed 1152K, reserved 393216K
  class space    used 74K, committed 128K, reserved 327680K
}
Event: 1.345 GC heap before
{Heap before GC invocations=1 (full 0):
 garbage-first heap   total 262144K, used 22310K [0x00000000e0000000, 0x0000000100000000)
  region size 1024K, 18 young (18432K), 2 survivors (2048K)
 Metaspace       used 3600K, committed 3712K, reserved 393216K
  class space    used 448K, committed 512K, reserved 327680K
}
Event: 1.350 GC heap after
{Heap after GC invocations=2 (full 0):
 garbage-first heap   total 262144K, used 10845K [0x00000000e0000000, 0x0000000100000000)
  region size 1024K, 3 young (3072K), 3 survivors (3072K)
 Metaspace       used 3600K, committed 3712K, reserved 393216K
  class space    used 448K, committed 512K, reserved 327680K
}
Event: 1.901 GC heap before
{Heap before GC invocations=2 (full 0):
 garbage-first heap   total 262144K, used 32349K [0x00000000e0000000, 0x0000000100000000)
  region size 1024K, 25 young (25600K), 3 survivors (3072K)
 Metaspace       used 4032K, committed 4224K, reserved 393216K
  class space    used 489K, committed 576K, reserved 327680K
}
Event: 1.904 GC heap after
{Heap after GC invocations=3 (full 0):
 garbage-first heap   total 262144K, used 11447K [0x00000000e0000000, 0x0000000100000000)
  region size 1024K, 1 young (1024K), 1 survivors (1024K)
 Metaspace       used 4032K, committed 4224K, reserved 393216K
  class space    used 489K, committed 576K, reserved 327680K
}
Event: 4.954 GC heap before
{Heap before GC invocations=3 (full 0):
 garbage-first heap   total 262144K, used 123063K [0x00000000e0000000, 0x0000000100000000)
  region size 1024K, 110 young (112640K), 1 survivors (1024K)
 Metaspace       used 19925K, committed 20160K, reserved 393216K
  class space    used 2910K, committed 3008K, reserved 327680K
}
Event: 4.968 GC heap after
{Heap after GC invocations=4 (full 0):
 garbage-first heap   total 262144K, used 22298K [0x00000000e0000000, 0x0000000100000000)
  region size 1024K, 12 young (12288K), 12 survivors (12288K)
 Metaspace       used 19925K, committed 20160K, reserved 393216K
  class space    used 2910K, committed 3008K, reserved 327680K
}
Event: 5.143 GC heap before
{Heap before GC invocations=4 (full 0):
 garbage-first heap   total 262144K, used 30490K [0x00000000e0000000, 0x0000000100000000)
  region size 1024K, 21 young (21504K), 12 survivors (12288K)
 Metaspace       used 21213K, committed 21504K, reserved 393216K
  class space    used 3110K, committed 3264K, reserved 327680K
}
Event: 5.155 GC heap after
{Heap after GC invocations=5 (full 0):
 garbage-first heap   total 262144K, used 24052K [0x00000000e0000000, 0x0000000100000000)
  region size 1024K, 2 young (2048K), 2 survivors (2048K)
 Metaspace       used 21213K, committed 21504K, reserved 393216K
  class space    used 3110K, committed 3264K, reserved 327680K
}
Event: 7.633 GC heap before
{Heap before GC invocations=6 (full 0):
 garbage-first heap   total 262144K, used 136692K [0x00000000e0000000, 0x0000000100000000)
  region size 1024K, 109 young (111616K), 2 survivors (2048K)
 Metaspace       used 35815K, committed 36160K, reserved 393216K
  class space    used 5049K, committed 5248K, reserved 327680K
}
Event: 7.649 GC heap after
{Heap after GC invocations=7 (full 0):
 garbage-first heap   total 262144K, used 31068K [0x00000000e0000000, 0x0000000100000000)
  region size 1024K, 9 young (9216K), 9 survivors (9216K)
 Metaspace       used 35815K, committed 36160K, reserved 393216K
  class space    used 5049K, committed 5248K, reserved 327680K
}

